Arguments: 
  C:\Program Files\nodejs\node.exe C:\Program Files (x86)\Yarn\bin\yarn.js install

PATH: 
  C:\Program Files (x86)\Common Files\Oracle\Java\javapath;C:\WINDOWS\system32;C:\WINDOWS;C:\WINDOWS\System32\Wbem;C:\WINDOWS\System32\WindowsPowerShell\v1.0\;C:\WINDOWS\System32\OpenSSH\;C:\Program Files\Git\cmd;C:\Program Files (x86)\Common Files\Adobe\AGL;C:\Program Files\nodejs\;C:\Program Files (x86)\Yarn\bin\;C:\Users\mario\AppData\Local\Microsoft\WindowsApps;;C:\Users\mario\AppData\Local\Programs\Microsoft VS Code\bin;C:\Users\mario\AppData\Roaming\npm;C:\Users\mario\AppData\Local\Yarn\bin

Yarn version: 
  1.22.0

Node version: 
  12.16.0

Platform: 
  win32 x64

Trace: 
  Error: https://registry.yarnpkg.com/rxjs/-/rxjs-6.5.5.tgz: ESOCKETTIMEDOUT
      at ClientRequest.<anonymous> (C:\Program Files (x86)\Yarn\lib\cli.js:141354:19)
      at Object.onceWrapper (events.js:427:28)
      at ClientRequest.emit (events.js:321:20)
      at TLSSocket.emitRequestTimeout (_http_client.js:714:9)
      at Object.onceWrapper (events.js:427:28)
      at TLSSocket.emit (events.js:321:20)
      at TLSSocket.Socket._onTimeout (net.js:478:8)
      at listOnTimeout (internal/timers.js:549:17)
      at processTimers (internal/timers.js:492:7)

npm manifest: 
  {
    "name": "front-end",
    "version": "0.0.0",
    "scripts": {
      "ng": "ng",
      "start": "ng serve",
      "build": "ng build",
      "test": "ng test",
      "lint": "ng lint",
      "e2e": "ng e2e"
    },
    "private": true,
    "dependencies": {
      "@angular/animations": "~9.1.9",
      "@angular/common": "~9.1.9",
      "@angular/compiler": "~9.1.9",
      "@angular/core": "~9.1.9",
      "@angular/forms": "~9.1.9",
      "@angular/platform-browser": "~9.1.9",
      "@angular/platform-browser-dynamic": "~9.1.9",
      "@angular/router": "~9.1.9",
      "rxjs": "~6.5.4",
      "tslib": "^1.10.0",
      "zone.js": "~0.10.2"
    },
    "devDependencies": {
      "@angular-devkit/build-angular": "~0.901.7",
      "@angular/cli": "~9.1.7",
      "@angular/compiler-cli": "~9.1.9",
      "@types/node": "^12.11.1",
      "ts-node": "~8.3.0",
      "tslint": "~6.1.0",
      "typescript": "~3.8.3"
    }
  }

yarn manifest: 
  No manifest

Lockfile: 
  No lockfile
